make all --print-data-base --no-builtin-variables --no-builtin-rules --question
# GNU Make 3.81
# Copyright (C) 2006  Free Software Foundation, Inc.
# This is free software; see the source for copying conditions.
# There is NO warranty; not even for MERCHANTABILITY or FITNESS FOR A
# PARTICULAR PURPOSE.

# This program built for i386-apple-darwin11.3.0
 

# Make data base, printed on Mon Jun 13 10:04:44 2022

# Variables

# automatic
<D = $(patsubst %/,%,$(dir $<))
# automatic
?F = $(notdir $?)
# environment
VSCODE_LOG_NATIVE = false
# automatic
?D = $(patsubst %/,%,$(dir $?))
# automatic
@D = $(patsubst %/,%,$(dir $@))
# automatic
@F = $(notdir $@)
# makefile
CURDIR := /Users/madinakadyrova/Desktop/Cub3D
# makefile
SHELL = /bin/sh
# makefile (from `Makefile', line 47)
RM = rm -rf
# environment
VSCODE_NLS_CONFIG = {"locale":"en-us","availableLanguages":{},"_languagePackSupport":true}
# makefile (from `Makefile', line 29)
I_MLX = minilibx_opengl
# environment
_ = /usr/bin/make
# makefile (from `Makefile', line 23)
CFLAGS = -g -Wall -Wextra -Werror -I $(INCL) -I $(I_MLX) -I $(LIB_DIR)
# makefile (from `Makefile', line 1)
MAKEFILE_LIST :=  Makefile
# makefile (from `Makefile', line 7)
LIB_DIR = libft
# environment
VSCODE_VERBOSE_LOGGING = true
# environment
 
__CFBundleIdentifier = com.microsoft.VSCode
# environment
INFOPATH = /opt/homebrew/share/info:
# makefile (from `Makefile', line 11)
S_DIR = srcs
# environment
VSCODE_IPC_HOOK_EXTHOST = /var/folders/pm/4tn2lhl14nv6yxt9bbtpz9_w0000gn/T/vscode-ipc-61b38a95-48a1-45d4-ac27-c781bb06cc6a.sock
# environment
VSCODE_CWD = /
# environment
PATH = /opt/homebrew/opt/llvm/bin:/opt/homebrew/bin:/opt/homebrew/sbin:/usr/local/bin:/usr/bin:/bin:/usr/sbin:/sbin:/Library/Apple/usr/bin
# environment
VSCODE_LOG_STACK = false
# environment
ELECTRON_RUN_AS_NODE = 1
# makefile (from `Makefile', line 9)
LIB = $(LIB_DIR)/libft.a
# default
.FEATURES := target-specific order-only second-expansion else-if archives jobserver check-symlink
# environment
SSH_AUTH_SOCK = /private/tmp/com.apple.launchd.8P5jeXasfK/Listeners
# automatic
%F = $(notdir $%)
# environment
VSCODE_PIPE_LOGGING = true
# makefile (from `Makefile', line 21)
OBJS = $(addprefix $(O_DIR)/,$(SRCS:.c=.o))
# environment
PWD = /Users/madinakadyrova/Desktop/Cub3D
# environment
HOMEBREW_CELLAR = /opt/homebrew/Cellar
# environment
ORIGINAL_XDG_CURRENT_DESKTOP = undefined
# environment
MANPATH = /opt/homebrew/share/man::
# environment
VSCODE_AMD_ENTRYPOINT = vs/workbench/api/node/extensionHostProcess
# environment
HOME = /Users/madinakadyrova
# default
MAKEFILEPATH = $(shell /usr/bin/xcode-select -print-path 2>/dev/null || echo /Developer)/Makefiles
# environment
VSCODE_CODE_CACHE_PATH = /Users/madinakadyrova/Library/Application Support/Code/CachedData/c3511e6c69bb39013c4a4b7b9566ec1ca73fc4d5
# makefile (from `Makefile', line 45)
MLX_NAME = $(I_MLX)/libmlx.a
# environment
LOGNAME = madinakadyrova
# environment
APPLICATION_INSIGHTS_NO_DIAGNOSTIC_CHANNEL = 1
# environment
VSCODE_HANDLES_UNCAUGHT_ERRORS = true
# automatic
^D = $(patsubst %/,%,$(dir $^))
# environment
XPC_FLAGS = 0x0
# default
MAKE = $(MAKE_COMMAND)
# default
MAKECMDGOALS := all
# makefile (from `Makefile', line 13)
SRCS = cub3D.c		$(S_DIR)/parse_data.c			$(S_DIR)/utilis.c $(S_DIR)/check_data.c			$(S_DIR)/check_texture.c $(S_DIR)/executing.c			$(S_DIR)/check_zeros_and_player.c $(S_DIR)/free_memory.c			$(S_DIR)/color_floor_and_ceiling_checker.c $(S_DIR)/init_structs.c			$(S_DIR)/minilibx_functions.c $(S_DIR)/raycast.c				$(S_DIR)/init_structs_2.c $(S_DIR)/work_with_textures.c	$(S_DIR)/mac_moving.c
# environment
SHLVL = 1
# makefile (from `Makefile', line 33)
CC = cc
# makefile (from `Makefile', line 25)
UNAME = $(shell uname)
# default
MAKE_VERSION := 3.81
# environment
USER = madinakadyrova
# makefile
.DEFAULT_GOAL := all
# makefile (from `Makefile', line 1)
NAME = cub3D
# automatic
%D = $(patsubst %/,%,$(dir $%))
# makefile (from `Makefile', line 31)
LFLAGS = -framework OpenGL -framework AppKit
# default
MAKE_COMMAND := /Library/Developer/CommandLineTools/usr/bin/make
# makefile (from `Makefile', line 3)
INCL = includes
# default
.VARIABLES := 
# environment
TMPDIR = /var/folders/pm/4tn2lhl14nv6yxt9bbtpz9_w0000gn/T/
# automatic
*F = $(notdir $*)
# environment
VSCODE_IPC_HOOK = /Users/madinakadyrova/Library/Application Support/Code/1.67.2-main.sock
# makefile
MAKEFLAGS = Rrqp
# environment
MFLAGS = -Rrqp
# automatic
*D = $(patsubst %/,%,$(dir $*))
# environment
HOMEBREW_SHELLENV_PREFIX = /opt/homebrew
# environment
XPC_SERVICE_NAME = application.com.microsoft.VSCode.7617183.7617189
# environment
HOMEBREW_PREFIX = /opt/homebrew
# automatic
+D = $(patsubst %/,%,$(dir $+))
# automatic
+F = $(notdir $+)
# environment
HOMEBREW_REPOSITORY = /opt/homebrew
# environment
__CF_USER_TEXT_ENCODING = 0x1F5:0x0:0x0
# environment
COMMAND_MODE = unix2003
# default
MAKEFILES := 
# automatic
<F = $(notdir $<)
# makefile (from `Makefile', line 5)
O_DIR = obj
 
# environment
LC_ALL = C
# makefile (from `Makefile', line 49)
HEADER = $(INCL)/cub3D.h
# automatic
^F = $(notdir $^)
# default
SUFFIXES := 
# default
.INCLUDE_DIRS = /usr/local/include
# environment
MAKELEVEL := 0
# environment
LANG = C
# environment
VSCODE_PID = 50816
# variable set hash-table stats:
# Load=84/1024=8%, Rehash=0, Collisions=24/143=17%

# Pattern-specific Variable Values

# No pattern-specific variable values.

# Directories

# . (device 16777234, inode 7922025): 16 files, no impossibilities.
# includes (device 16777234, inode 7922099): 3 files, no impossibilities so far.
# srcs (device 16777234, inode 7922235): 16 files, no impossibilities so far.

# 35 files, no impossibilities in 3 directories.

# Implicit Rules

obj/%.o: %.c includes/cub3D.h
#  commands to execute (from `Makefile', line 54):
	mkdir -p $(O_DIR)
	mkdir -p $(O_DIR)/$(S_DIR)
	$(CC) $(CFLAGS) -c $< -o $@
	

# 1 implicit rules, 0 (0.0%) terminal.

# Files

# Not a target:
srcs/color_floor_and_ceiling_checker.c:
#  Implicit rule search has been done.
#  Last modified 2022-06-07 14:31:39
#  File has been updated.
#  Successfully updated.
# variable set hash-table stats:
# Load=0/32=0%, Rehash=0, Collisions=0/0=0%

# Not a target:
srcs/init_structs_2.c:
#  Implicit rule search has been done.
#  Last modified 2022-06-07 14:31:51
#  File has been updated.
#  Successfully updated.
# variable set hash-table stats:
# Load=0/32=0%, Rehash=0, Collisions=0/0=0%

obj/srcs/work_with_textures.o: srcs/work_with_textures.c includes/cub3D.h
#  Implicit rule search has been done.
#  Implicit/static pattern stem: `srcs/work_with_textures'
#  Last modified 2022-06-07 20:43:46
#  File has been updated.
#  Successfully updated.
# variable set hash-table stats:
# Load=0/32=0%, Rehash=0, Collisions=0/0=0%
#  commands to execute (from `Makefile', line 54):
	mkdir -p $(O_DIR)
	mkdir -p $(O_DIR)/$(S_DIR)
	$(CC) $(CFLAGS) -c $< -o $@
	

obj/cub3D.o: cub3D.c includes/cub3D.h
#  Implicit rule search has been done.
#  Implicit/static pattern stem: `cub3D'
#  Last modified 2022-06-07 20:43:46
#  File has been updated.
#  Successfully updated.
# variable set hash-table stats:
# Load=0/32=0%, Rehash=0, Collisions=0/0=0%
#  commands to execute (from `Makefile', line 54):
	mkdir -p $(O_DIR)
	mkdir -p $(O_DIR)/$(S_DIR)
	$(CC) $(CFLAGS) -c $< -o $@
	

obj/srcs/check_texture.o: srcs/check_texture.c includes/cub3D.h
#  Implicit rule search has been done.
#  Implicit/static pattern stem: `srcs/check_texture'
#  Last modified 2022-06-07 20:43:46
#  File has been updated.
#  Successfully updated.
# variable set hash-table stats:
# Load=0/32=0%, Rehash=0, Collisions=0/0=0%
#  commands to execute (from `Makefile', line 54):
	mkdir -p $(O_DIR)
	mkdir -p $(O_DIR)/$(S_DIR)
	$(CC) $(CFLAGS) -c $< -o $@
	

# Not a target:
includes/cub3D.h:
#  Implicit rule search has been done.
#  Last modified 2022-06-07 19:44:37
#  File has been updated.
#  Successfully updated.
# variable set hash-table stats:
# Load=0/32=0%, Rehash=0, Collisions=0/0=0%

obj/srcs/init_structs.o: srcs/init_structs.c includes/cub3D.h
#  Implicit rule search has been done.
#  Implicit/static pattern stem: `srcs/init_structs'
#  Last modified 2022-06-07 20:43:46
#  File has been updated.
#  Successfully updated.
# variable set hash-table stats:
# Load=0/32=0%, Rehash=0, Collisions=0/0=0%
#  commands to execute (from `Makefile', line 54):
	mkdir -p $(O_DIR)
	mkdir -p $(O_DIR)/$(S_DIR)
	$(CC) $(CFLAGS) -c $< -o $@
	

all: cub3D
#  Phony target (prerequisite of .PHONY).
#  Command-line target.
#  Implicit rule search has not been done.
#  File does not exist.
#  File has been updated.
#  Needs to be updated (-q is set).
# variable set hash-table stats:
# Load=0/32=0%, Rehash=0, Collisions=0/10=0%

# Not a target:
srcs/parse_data.c:
#  Implicit rule search has been done.
#  Last modified 2022-06-07 18:09:38
#  File has been updated.
#  Successfully updated.
# variable set hash-table stats:
 
# Load=0/32=0%, Rehash=0, Collisions=0/0=0%

.PHONY: all bonus clean fclean re
#  Implicit rule search has not been done.
#  Modification time never checked.
#  File has not been updated.

obj/srcs/check_zeros_and_player.o: srcs/check_zeros_and_player.c includes/cub3D.h
#  Implicit rule search has been done.
#  Implicit/static pattern stem: `srcs/check_zeros_and_player'
#  Last modified 2022-06-07 20:43:46
#  File has been updated.
#  Successfully updated.
# variable set hash-table stats:
# Load=0/32=0%, Rehash=0, Collisions=0/0=0%
#  commands to execute (from `Makefile', line 54):
	mkdir -p $(O_DIR)
	mkdir -p $(O_DIR)/$(S_DIR)
	$(CC) $(CFLAGS) -c $< -o $@
	

obj/srcs/utilis.o: srcs/utilis.c includes/cub3D.h
#  Implicit rule search has been done.
#  Implicit/static pattern stem: `srcs/utilis'
#  Last modified 2022-06-07 20:43:46
#  File has been updated.
#  Successfully updated.
# variable set hash-table stats:
# Load=0/32=0%, Rehash=0, Collisions=0/0=0%
#  commands to execute (from `Makefile', line 54):
	mkdir -p $(O_DIR)
	mkdir -p $(O_DIR)/$(S_DIR)
	$(CC) $(CFLAGS) -c $< -o $@
	

# Not a target:
srcs/check_data.c:
#  Implicit rule search has been done.
#  Last modified 2022-06-07 14:31:29
#  File has been updated.
#  Successfully updated.
# variable set hash-table stats:
# Load=0/32=0%, Rehash=0, Collisions=0/0=0%

# Not a target:
srcs/raycast.c:
#  Implicit rule search has been done.
#  Last modified 2022-06-07 14:31:58
#  File has been updated.
#  Successfully updated.
# variable set hash-table stats:
# Load=0/32=0%, Rehash=0, Collisions=0/0=0%

cub3D: obj/cub3D.o obj/srcs/parse_data.o obj/srcs/utilis.o obj/srcs/check_data.o obj/srcs/check_texture.o obj/srcs/executing.o obj/srcs/check_zeros_and_player.o obj/srcs/free_memory.o obj/srcs/color_floor_and_ceiling_checker.o obj/srcs/init_structs.o obj/srcs/minilibx_functions.o obj/srcs/raycast.o obj/srcs/init_structs_2.o obj/srcs/work_with_textures.o obj/srcs/mac_moving.o
#  Implicit rule search has not been done.
#  Last modified 2022-06-07 20:43:47
#  File has been updated.
#  Needs to be updated (-q is set).
# variable set hash-table stats:
# Load=0/32=0%, Rehash=0, Collisions=0/10=0%
#  commands to execute (from `Makefile', line 61):
	@make -C $(LIB_DIR)
	@make -C $(I_MLX)
	$(CC) $(CFLAGS) $(OBJS) $(LIB) $(MLX_NAME) $(LFLAGS) -o $(NAME)
	

# Not a target:
srcs/mac_moving.c:
#  Implicit rule search has been done.
#  Last modified 2022-06-13 10:03:43
#  File has been updated.
#  Successfully updated.
# variable set hash-table stats:
# Load=0/32=0%, Rehash=0, Collisions=0/0=0%

# Not a target:
.SUFFIXES:
#  Implicit rule search has not been done.
#  Modification time never checked.
#  File has not been updated.

# Not a target:
Makefile:
#  Implicit rule search has been done.
#  Last modified 2022-06-13 10:04:20
#  File has been updated.
#  Successfully updated.
# variable set hash-table stats:
# Load=0/32=0%, Rehash=0, Collisions=0/0=0%

# Not a target:
srcs/minilibx_functions.c:
#  Implicit rule search has been done.
#  Last modified 2022-06-07 20:43:42
#  File has been updated.
#  Successfully updated.
# variable set hash-table stats:
# Load=0/32=0%, Rehash=0, Collisions=0/0=0%

obj/srcs/color_floor_and_ceiling_checker.o: srcs/color_floor_and_ceiling_checker.c includes/cub3D.h
 
#  Implicit rule search has been done.
#  Implicit/static pattern stem: `srcs/color_floor_and_ceiling_checker'
#  Last modified 2022-06-07 20:43:46
#  File has been updated.
#  Successfully updated.
# variable set hash-table stats:
# Load=0/32=0%, Rehash=0, Collisions=0/0=0%
#  commands to execute (from `Makefile', line 54):
	mkdir -p $(O_DIR)
	mkdir -p $(O_DIR)/$(S_DIR)
	$(CC) $(CFLAGS) -c $< -o $@
	

 
obj/srcs/init_structs_2.o: srcs/init_structs_2.c includes/cub3D.h
#  Implicit rule search has been done.
#  Implicit/static pattern stem: `srcs/init_structs_2'
#  Last modified 2022-06-07 20:43:46
#  File has been updated.
#  Successfully updated.
# variable set hash-table stats:
# Load=0/32=0%, Rehash=0, Collisions=0/0=0%
#  commands to execute (from `Makefile', line 54):
	mkdir -p $(O_DIR)
	mkdir -p $(O_DIR)/$(S_DIR)
	$(CC) $(CFLAGS) -c $< -o $@
	

# Not a target:
srcs/free_memory.c:
#  Implicit rule search has been done.
#  Last modified 2022-06-07 14:31:48
#  File has been updated.
#  Successfully updated.
# variable set hash-table stats:
# Load=0/32=0%, Rehash=0, Collisions=0/0=0%

bonus:
#  Phony target (prerequisite of .PHONY).
#  Implicit rule search has not been done.
#  File does not exist.
#  File has not been updated.

fclean: clean
#  Phony target (prerequisite of .PHONY).
#  Implicit rule search has not been done.
#  File does not exist.
#  File has not been updated.
#  commands to execute (from `Makefile', line 70):
	make fclean -C $(LIB_DIR)
	$(RM) $(NAME)
	

# Not a target:
srcs/executing.c:
#  Implicit rule search has been done.
#  Last modified 2022-06-07 20:38:59
#  File has been updated.
#  Successfully updated.
# variable set hash-table stats:
# Load=0/32=0%, Rehash=0, Collisions=0/0=0%

# Not a target:
srcs/work_with_textures.c:
#  Implicit rule search has been done.
#  Last modified 2022-06-07 14:32:05
#  File has been updated.
#  Successfully updated.
# variable set hash-table stats:
# Load=0/32=0%, Rehash=0, Collisions=0/0=0%

# Not a target:
cub3D.c:
#  Implicit rule search has been done.
#  Last modified 2022-06-07 18:10:14
#  File has been updated.
#  Successfully updated.
# variable set hash-table stats:
# Load=0/32=0%, Rehash=0, Collisions=0/0=0%

 
obj/srcs/parse_data.o: srcs/parse_data.c includes/cub3D.h
#  Implicit rule search has been done.
#  Implicit/static pattern stem: `srcs/parse_data'
#  Last modified 2022-06-07 20:43:46
#  File has been updated.
#  Successfully updated.
# variable set hash-table stats:
# Load=0/32=0%, Rehash=0, Collisions=0/0=0%
#  commands to execute (from `Makefile', line 54):
	mkdir -p $(O_DIR)
	mkdir -p $(O_DIR)/$(S_DIR)
	$(CC) $(CFLAGS) -c $< -o $@
	

# Not a target:
.DEFAULT:
#  Implicit rule search has not been done.
#  Modification time never checked.
#  File has not been updated.

obj/srcs/check_data.o: srcs/check_data.c includes/cub3D.h
#  Implicit rule search has been done.
#  Implicit/static pattern stem: `srcs/check_data'
#  Last modified 2022-06-07 20:43:46
#  File has been updated.
#  Successfully updated.
# variable set hash-table stats:
# Load=0/32=0%, Rehash=0, Collisions=0/0=0%
#  commands to execute (from `Makefile', line 54):
	mkdir -p $(O_DIR)
	mkdir -p $(O_DIR)/$(S_DIR)
	$(CC) $(CFLAGS) -c $< -o $@
	

# Not a target:
srcs/check_texture.c:
#  Implicit rule search has been done.
#  Last modified 2022-06-07 14:32:15
#  File has been updated.
#  Successfully updated.
# variable set hash-table stats:
# Load=0/32=0%, Rehash=0, Collisions=0/0=0%

obj/srcs/raycast.o: srcs/raycast.c includes/cub3D.h
#  Implicit rule search has been done.
#  Implicit/static pattern stem: `srcs/raycast'
#  Last modified 2022-06-07 20:43:46
#  File has been updated.
#  Successfully updated.
# variable set hash-table stats:
# Load=0/32=0%, Rehash=0, Collisions=0/0=0%
#  commands to execute (from `Makefile', line 54):
	mkdir -p $(O_DIR)
	mkdir -p $(O_DIR)/$(S_DIR)
	$(CC) $(CFLAGS) -c $< -o $@
	

# Not a target:
srcs/init_structs.c:
#  Implicit rule search has been done.
#  Last modified 2022-06-07 14:31:53
#  File has been updated.
#  Successfully updated.
# variable set hash-table stats:
# Load=0/32=0%, Rehash=0, Collisions=0/0=0%

re: fclean all
#  Phony target (prerequisite of .PHONY).
#  Implicit rule search has not been done.
#  File does not exist.
#  File has not been updated.

clean:
#  Phony target (prerequisite of .PHONY).
#  Implicit rule search has not been done.
#  File does not exist.
#  File has not been updated.
#  commands to execute (from `Makefile', line 66):
	make clean -C $(LIB_DIR)
	$(RM) $(O_DIR)
	

obj/srcs/mac_moving.o: srcs/mac_moving.c includes/cub3D.h
#  Implicit rule search has been done.
#  Implicit/static pattern stem: `srcs/mac_moving'
#  File does not exist.
#  File has been updated.
#  Needs to be updated (-q is set).
# automatic
# @ := obj/srcs/mac_moving.o
# automatic
# % := 
# automatic
# * := srcs/mac_moving
# automatic
# + := srcs/mac_moving.c includes/cub3D.h
# automatic
# | := 
# automatic
# < := srcs/mac_moving.c
# automatic
# ^ := srcs/mac_moving.c includes/cub3D.h
# automatic
# ? := srcs/mac_moving.c includes/cub3D.h
# variable set hash-table stats:
# Load=8/32=25%, Rehash=0, Collisions=3/20=15%
#  commands to execute (from `Makefile', line 54):
	mkdir -p $(O_DIR)
	mkdir -p $(O_DIR)/$(S_DIR)
	$(CC) $(CFLAGS) -c $< -o $@
	

# Not a target:
srcs/check_zeros_and_player.c:
#  Implicit rule search has been done.
#  Last modified 2022-06-07 14:32:12
#  File has been updated.
#  Successfully updated.
# variable set hash-table stats:
# Load=0/32=0%, Rehash=0, Collisions=0/0=0%

# Not a target:
srcs/utilis.c:
#  Implicit rule search has been done.
#  Last modified 2022-06-07 14:32:03
#  File has been updated.
#  Successfully updated.
# variable set hash-table stats:
# Load=0/32=0%, Rehash=0, Collisions=0/0=0%

obj/srcs/minilibx_functions.o: srcs/minilibx_functions.c includes/cub3D.h
#  Implicit rule search has been done.
#  Implicit/static pattern stem: `srcs/minilibx_functions'
#  Last modified 2022-06-07 20:43:46
#  File has been updated.
#  Successfully updated.
# variable set hash-table stats:
# Load=0/32=0%, Rehash=0, Collisions=0/0=0%
#  commands to execute (from `Makefile', line 54):
	mkdir -p $(O_DIR)
	mkdir -p $(O_DIR)/$(S_DIR)
	$(CC) $(CFLAGS) -c $< -o $@
	

obj/srcs/free_memory.o: srcs/free_memory.c includes/cub3D.h
#  Implicit rule search has been done.
#  Implicit/static pattern stem: `srcs/free_memory'
#  Last modified 2022-06-07 20:43:46
#  File has been updated.
#  Successfully updated.
# variable set hash-table stats:
# Load=0/32=0%, Rehash=0, Collisions=0/0=0%
#  commands to execute (from `Makefile', line 54):
	mkdir -p $(O_DIR)
	mkdir -p $(O_DIR)/$(S_DIR)
	$(CC) $(CFLAGS) -c $< -o $@
	

obj/srcs/executing.o: srcs/executing.c includes/cub3D.h
#  Implicit rule search has been done.
#  Implicit/static pattern stem: `srcs/executing'
#  Last modified 2022-06-07 20:43:46
#  File has been updated.
#  Successfully updated.
# variable set hash-table stats:
# Load=0/32=0%, Rehash=0, Collisions=0/0=0%
#  commands to execute (from `Makefile', line 54):
	mkdir -p $(O_DIR)
	mkdir -p $(O_DIR)/$(S_DIR)
	$(CC) $(CFLAGS) -c $< -o $@
	

# files hash-table stats:
# Load=41/1024=4%, Rehash=0, Collisions=3/153=2%
# VPATH Search Paths

# No `vpath' search paths.

# No general (`VPATH' variable) search path.

# # of strings in strcache: 1
# # of strcache buffers: 1
# strcache size: total = 4096 / max = 4096 / min = 4096 / avg = 4096
# strcache free: total = 4087 / max = 4087 / min = 4087 / avg = 4087

# Finished Make data base on Mon Jun 13 10:04:44 2022

 
